Connecting to database specified by database.yml
Connecting to database specified by database.yml
Connecting to database specified by database.yml
Connecting to database specified by database.yml
Connecting to database specified by database.yml
Connecting to database specified by database.yml


Started GET "/" for 127.0.0.1 at 2013-04-16 17:17:12 -0700
Processing by PillboxController#index as HTML
  Rendered pillbox/index.html.erb within layouts/application (3.7ms)
Compiled bootstrap-responsive.css  (0ms)  (pid 25597)
Compiled pillbox.css  (0ms)  (pid 25597)
Compiled application.css  (37ms)  (pid 25597)
Compiled jquery.js  (3ms)  (pid 25597)
Compiled jquery_ujs.js  (0ms)  (pid 25597)
Compiled bootstrap.js  (0ms)  (pid 25597)
Compiled pillbox.js  (316ms)  (pid 25597)
Compiled application.js  (468ms)  (pid 25597)
Completed 200 OK in 709ms (Views: 708.8ms | ActiveRecord: 0.0ms)


Started GET "/assets/application.css?body=1" for 127.0.0.1 at 2013-04-16 17:17:13 -0700
Served asset /application.css - 200 OK (10ms)


Started GET "/assets/jquery_ujs.js?body=1" for 127.0.0.1 at 2013-04-16 17:17:13 -0700
Served asset /jquery_ujs.js - 304 Not Modified (2ms)


Started GET "/assets/bootstrap-responsive.css?body=1" for 127.0.0.1 at 2013-04-16 17:17:13 -0700
Served asset /bootstrap-responsive.css - 304 Not Modified (2ms)


Started GET "/assets/jquery.js?body=1" for 127.0.0.1 at 2013-04-16 17:17:13 -0700
Served asset /jquery.js - 304 Not Modified (3ms)


Started GET "/assets/pillbox.js?body=1" for 127.0.0.1 at 2013-04-16 17:17:13 -0700
Served asset /pillbox.js - 200 OK (11ms)


Started GET "/assets/pillbox.css?body=1" for 127.0.0.1 at 2013-04-16 17:17:13 -0700
Served asset /pillbox.css - 200 OK (2ms)


Started GET "/assets/bootstrap.js?body=1" for 127.0.0.1 at 2013-04-16 17:17:13 -0700
Served asset /bootstrap.js - 304 Not Modified (3ms)


Started GET "/assets/application.js?body=1" for 127.0.0.1 at 2013-04-16 17:17:13 -0700
Served asset /application.js - 304 Not Modified (6ms)


Started GET "/" for 127.0.0.1 at 2013-04-16 17:19:13 -0700
Processing by PillboxController#index as HTML
  Rendered common/_header.html.erb (0.5ms)
  Rendered pillbox/index.html.erb within layouts/application (84.2ms)
Completed 200 OK in 97ms (Views: 96.1ms | ActiveRecord: 0.0ms)


Started GET "/assets/pillbox.css?body=1" for 127.0.0.1 at 2013-04-16 17:19:13 -0700
Served asset /pillbox.css - 304 Not Modified (0ms)


Started GET "/assets/jquery.js?body=1" for 127.0.0.1 at 2013-04-16 17:19:13 -0700
Served asset /jquery.js - 304 Not Modified (0ms)


Started GET "/assets/bootstrap-responsive.css?body=1" for 127.0.0.1 at 2013-04-16 17:19:13 -0700
Served asset /bootstrap-responsive.css - 304 Not Modified (0ms)


Started GET "/assets/application.css?body=1" for 127.0.0.1 at 2013-04-16 17:19:13 -0700
Served asset /application.css - 304 Not Modified (0ms)


Started GET "/assets/jquery_ujs.js?body=1" for 127.0.0.1 at 2013-04-16 17:19:13 -0700
Served asset /jquery_ujs.js - 304 Not Modified (0ms)


Started GET "/assets/pillbox.js?body=1" for 127.0.0.1 at 2013-04-16 17:19:13 -0700
Served asset /pillbox.js - 304 Not Modified (0ms)


Started GET "/assets/bootstrap.js?body=1" for 127.0.0.1 at 2013-04-16 17:19:13 -0700
Served asset /bootstrap.js - 304 Not Modified (0ms)


Started GET "/assets/application.js?body=1" for 127.0.0.1 at 2013-04-16 17:19:13 -0700
Served asset /application.js - 304 Not Modified (0ms)


Started GET "/" for 127.0.0.1 at 2013-04-16 17:41:59 -0700
Processing by PillboxController#index as HTML
  Rendered common/_header.html.erb (0.0ms)
  Rendered pillbox/index.html.erb within layouts/application (0.8ms)
Compiled bootstrap.css  (39ms)  (pid 25597)
Compiled application.css  (50ms)  (pid 25597)
Completed 200 OK in 87ms (Views: 86.8ms | ActiveRecord: 0.0ms)


Started GET "/assets/bootstrap.css?body=1" for 127.0.0.1 at 2013-04-16 17:41:59 -0700
Served asset /bootstrap.css - 200 OK (9ms)


Started GET "/assets/application.css?body=1" for 127.0.0.1 at 2013-04-16 17:41:59 -0700
Served asset /application.css - 304 Not Modified (9ms)


Started GET "/assets/pillbox.css?body=1" for 127.0.0.1 at 2013-04-16 17:41:59 -0700
Served asset /pillbox.css - 304 Not Modified (0ms)


Started GET "/assets/jquery_ujs.js?body=1" for 127.0.0.1 at 2013-04-16 17:41:59 -0700
Served asset /jquery_ujs.js - 304 Not Modified (0ms)


Started GET "/assets/bootstrap-responsive.css?body=1" for 127.0.0.1 at 2013-04-16 17:41:59 -0700
Served asset /bootstrap-responsive.css - 304 Not Modified (0ms)


Started GET "/assets/bootstrap.js?body=1" for 127.0.0.1 at 2013-04-16 17:41:59 -0700
Served asset /bootstrap.js - 304 Not Modified (0ms)


Started GET "/assets/jquery.js?body=1" for 127.0.0.1 at 2013-04-16 17:41:59 -0700
Served asset /jquery.js - 304 Not Modified (0ms)


Started GET "/assets/pillbox.js?body=1" for 127.0.0.1 at 2013-04-16 17:42:00 -0700
Served asset /pillbox.js - 304 Not Modified (0ms)


Started GET "/assets/application.js?body=1" for 127.0.0.1 at 2013-04-16 17:42:00 -0700
Served asset /application.js - 304 Not Modified (0ms)
Connecting to database specified by database.yml
Connecting to database specified by database.yml
Connecting to database specified by database.yml
  [1m[36m (0.2ms)[0m  [1mselect sqlite_version(*)[0m
  [1m[35m (3.1ms)[0m  CREATE TABLE "schema_migrations" ("version" varchar(255) NOT NULL) 
  [1m[36m (2.6ms)[0m  [1mCREATE UNIQUE INDEX "unique_schema_migrations" ON "schema_migrations" ("version")[0m
  [1m[35m (15.6ms)[0m  SELECT "schema_migrations"."version" FROM "schema_migrations" 
Migrating to DeviseCreateUsers (20130417010152)
  [1m[36m (0.0ms)[0m  [1mbegin transaction[0m
  [1m[35m (0.6ms)[0m  CREATE TABLE "users" ("id" INTEGER PRIMARY KEY AUTOINCREMENT NOT NULL, "email" varchar(255) DEFAULT '' NOT NULL, "encrypted_password" varchar(255) DEFAULT '' NOT NULL, "reset_password_token" varchar(255), "reset_password_sent_at" datetime, "remember_created_at" datetime, "sign_in_count" integer DEFAULT 0, "current_sign_in_at" datetime, "last_sign_in_at" datetime, "current_sign_in_ip" varchar(255), "last_sign_in_ip" varchar(255), "created_at" datetime NOT NULL, "updated_at" datetime NOT NULL) 
  [1m[36m (0.5ms)[0m  [1mCREATE UNIQUE INDEX "index_users_on_email" ON "users" ("email")[0m
  [1m[35m (0.4ms)[0m  CREATE UNIQUE INDEX "index_users_on_reset_password_token" ON "users" ("reset_password_token")
  [1m[36m (0.1ms)[0m  [1mINSERT INTO "schema_migrations" ("version") VALUES ('20130417010152')[0m
  [1m[35m (2.3ms)[0m  commit transaction
  [1m[36m (0.1ms)[0m  [1mSELECT "schema_migrations"."version" FROM "schema_migrations" [0m
Connecting to database specified by database.yml
Connecting to database specified by database.yml


Started GET "/" for 127.0.0.1 at 2013-04-16 18:16:33 -0700
Processing by HomeController#index as HTML
  Rendered common/_header.html.erb (0.4ms)
  Rendered home/index.html.erb within layouts/application (9.3ms)
Compiled pillbox.css  (0ms)  (pid 25856)
Compiled home.css  (54ms)  (pid 25856)
Compiled application.css  (64ms)  (pid 25856)
Compiled home.js  (564ms)  (pid 25856)
Compiled application.js  (584ms)  (pid 25856)
Completed 200 OK in 823ms (Views: 822.9ms | ActiveRecord: 0.0ms)


Started GET "/assets/home.css?body=1" for 127.0.0.1 at 2013-04-16 18:16:34 -0700
Served asset /home.css - 200 OK (2ms)


Started GET "/assets/application.css?body=1" for 127.0.0.1 at 2013-04-16 18:16:34 -0700
Served asset /application.css - 304 Not Modified (8ms)


Started GET "/assets/bootstrap-responsive.css?body=1" for 127.0.0.1 at 2013-04-16 18:16:34 -0700
Served asset /bootstrap-responsive.css - 304 Not Modified (2ms)


Started GET "/assets/pillbox.css?body=1" for 127.0.0.1 at 2013-04-16 18:16:34 -0700
Served asset /pillbox.css - 200 OK (2ms)


Started GET "/assets/home.js?body=1" for 127.0.0.1 at 2013-04-16 18:16:34 -0700
Served asset /home.js - 200 OK (1ms)


Started GET "/assets/bootstrap.css?body=1" for 127.0.0.1 at 2013-04-16 18:16:34 -0700
Served asset /bootstrap.css - 304 Not Modified (10ms)


Started GET "/assets/bootstrap.js?body=1" for 127.0.0.1 at 2013-04-16 18:16:34 -0700
Served asset /bootstrap.js - 304 Not Modified (2ms)


Started GET "/assets/jquery_ujs.js?body=1" for 127.0.0.1 at 2013-04-16 18:16:34 -0700
Served asset /jquery_ujs.js - 304 Not Modified (2ms)


Started GET "/assets/application.js?body=1" for 127.0.0.1 at 2013-04-16 18:16:34 -0700
Served asset /application.js - 304 Not Modified (13ms)


Started GET "/assets/pillbox.js?body=1" for 127.0.0.1 at 2013-04-16 18:16:34 -0700
Served asset /pillbox.js - 304 Not Modified (1ms)


Started GET "/assets/jquery.js?body=1" for 127.0.0.1 at 2013-04-16 18:16:34 -0700
Served asset /jquery.js - 304 Not Modified (3ms)


Started GET "/" for 127.0.0.1 at 2013-04-16 18:17:16 -0700
Processing by HomeController#index as HTML
  Rendered common/_header.html.erb (0.0ms)
  Rendered home/index.html.erb within layouts/application (1.5ms)
Completed 200 OK in 46ms (Views: 45.8ms | ActiveRecord: 0.0ms)


Started GET "/assets/pillbox.css?body=1" for 127.0.0.1 at 2013-04-16 18:17:16 -0700
Served asset /pillbox.css - 304 Not Modified (0ms)


Started GET "/assets/jquery.js?body=1" for 127.0.0.1 at 2013-04-16 18:17:16 -0700
Served asset /jquery.js - 304 Not Modified (0ms)


Started GET "/assets/application.css?body=1" for 127.0.0.1 at 2013-04-16 18:17:16 -0700
Served asset /application.css - 304 Not Modified (0ms)


Started GET "/assets/bootstrap.css?body=1" for 127.0.0.1 at 2013-04-16 18:17:16 -0700
Served asset /bootstrap.css - 304 Not Modified (0ms)


Started GET "/assets/jquery_ujs.js?body=1" for 127.0.0.1 at 2013-04-16 18:17:16 -0700
Served asset /jquery_ujs.js - 304 Not Modified (0ms)


Started GET "/assets/bootstrap.js?body=1" for 127.0.0.1 at 2013-04-16 18:17:16 -0700
Served asset /bootstrap.js - 304 Not Modified (0ms)


Started GET "/assets/bootstrap-responsive.css?body=1" for 127.0.0.1 at 2013-04-16 18:17:16 -0700
Served asset /bootstrap-responsive.css - 304 Not Modified (0ms)


Started GET "/assets/home.css?body=1" for 127.0.0.1 at 2013-04-16 18:17:16 -0700
Served asset /home.css - 304 Not Modified (0ms)


Started GET "/assets/home.js?body=1" for 127.0.0.1 at 2013-04-16 18:17:16 -0700
Served asset /home.js - 304 Not Modified (0ms)


Started GET "/assets/application.js?body=1" for 127.0.0.1 at 2013-04-16 18:17:16 -0700
Served asset /application.js - 304 Not Modified (0ms)


Started GET "/assets/pillbox.js?body=1" for 127.0.0.1 at 2013-04-16 18:17:16 -0700
Served asset /pillbox.js - 304 Not Modified (0ms)


Started GET "/" for 127.0.0.1 at 2013-04-16 18:29:15 -0700
Processing by HomeController#index as HTML
  Rendered common/_header.html.erb (0.0ms)
  Rendered home/index.html.erb within layouts/application (0.8ms)
Completed 200 OK in 24ms (Views: 23.3ms | ActiveRecord: 0.0ms)


Started GET "/assets/application.css?body=1" for 127.0.0.1 at 2013-04-16 18:29:16 -0700
Served asset /application.css - 304 Not Modified (0ms)


Started GET "/assets/bootstrap-responsive.css?body=1" for 127.0.0.1 at 2013-04-16 18:29:16 -0700
Served asset /bootstrap-responsive.css - 304 Not Modified (0ms)


Started GET "/assets/jquery_ujs.js?body=1" for 127.0.0.1 at 2013-04-16 18:29:16 -0700
Served asset /jquery_ujs.js - 304 Not Modified (0ms)


Started GET "/assets/home.css?body=1" for 127.0.0.1 at 2013-04-16 18:29:16 -0700
Served asset /home.css - 304 Not Modified (0ms)


Started GET "/assets/bootstrap.js?body=1" for 127.0.0.1 at 2013-04-16 18:29:16 -0700
Served asset /bootstrap.js - 304 Not Modified (0ms)


Started GET "/assets/home.js?body=1" for 127.0.0.1 at 2013-04-16 18:29:16 -0700
Served asset /home.js - 304 Not Modified (0ms)


Started GET "/assets/pillbox.js?body=1" for 127.0.0.1 at 2013-04-16 18:29:16 -0700
Served asset /pillbox.js - 304 Not Modified (0ms)


Started GET "/assets/pillbox.css?body=1" for 127.0.0.1 at 2013-04-16 18:29:16 -0700
Served asset /pillbox.css - 304 Not Modified (0ms)


Started GET "/assets/application.js?body=1" for 127.0.0.1 at 2013-04-16 18:29:16 -0700
Served asset /application.js - 304 Not Modified (0ms)


Started GET "/assets/bootstrap.css?body=1" for 127.0.0.1 at 2013-04-16 18:29:16 -0700
Served asset /bootstrap.css - 304 Not Modified (0ms)


Started GET "/assets/jquery.js?body=1" for 127.0.0.1 at 2013-04-16 18:29:16 -0700
Served asset /jquery.js - 304 Not Modified (0ms)
Connecting to database specified by database.yml
Connecting to database specified by database.yml
Connecting to database specified by database.yml
Connecting to database specified by database.yml


Started GET "/" for 127.0.0.1 at 2013-04-16 19:25:00 -0700
Processing by HomeController#index as HTML
  Rendered common/_header.html.erb (0.4ms)
  Rendered home/index.html.erb within layouts/application (11.8ms)
Completed 200 OK in 134ms (Views: 133.3ms | ActiveRecord: 0.0ms)


Started GET "/assets/application.css?body=1" for 127.0.0.1 at 2013-04-16 19:25:01 -0700
Served asset /application.css - 304 Not Modified (26ms)


Started GET "/assets/home.css?body=1" for 127.0.0.1 at 2013-04-16 19:25:01 -0700
Served asset /home.css - 304 Not Modified (1ms)


Started GET "/assets/bootstrap-responsive.css?body=1" for 127.0.0.1 at 2013-04-16 19:25:01 -0700
Served asset /bootstrap-responsive.css - 304 Not Modified (2ms)


Started GET "/assets/bootstrap.css?body=1" for 127.0.0.1 at 2013-04-16 19:25:01 -0700
Served asset /bootstrap.css - 304 Not Modified (2ms)


Started GET "/assets/jquery.js?body=1" for 127.0.0.1 at 2013-04-16 19:25:01 -0700
Served asset /jquery.js - 304 Not Modified (3ms)


Started GET "/assets/pillbox.css?body=1" for 127.0.0.1 at 2013-04-16 19:25:01 -0700
Served asset /pillbox.css - 304 Not Modified (1ms)


Started GET "/assets/jquery_ujs.js?body=1" for 127.0.0.1 at 2013-04-16 19:25:01 -0700
Served asset /jquery_ujs.js - 304 Not Modified (2ms)


Started GET "/assets/application.js?body=1" for 127.0.0.1 at 2013-04-16 19:25:01 -0700
Served asset /application.js - 304 Not Modified (56ms)


Started GET "/assets/home.js?body=1" for 127.0.0.1 at 2013-04-16 19:25:01 -0700
Served asset /home.js - 304 Not Modified (1ms)


Started GET "/assets/bootstrap.js?body=1" for 127.0.0.1 at 2013-04-16 19:25:01 -0700
Served asset /bootstrap.js - 304 Not Modified (2ms)


Started GET "/assets/pillbox.js?body=1" for 127.0.0.1 at 2013-04-16 19:25:01 -0700
Served asset /pillbox.js - 304 Not Modified (1ms)
Connecting to database specified by database.yml
  [1m[36m (80.6ms)[0m  [1mSELECT "schema_migrations"."version" FROM "schema_migrations" [0m
Migrating to DeviseCreateUsers (20130417010152)
Migrating to CreateCoachesDependents (20130417013830)
  [1m[35m (0.1ms)[0m  select sqlite_version(*)
  [1m[36m (0.1ms)[0m  [1mbegin transaction[0m
  [1m[35m (0.7ms)[0m  CREATE TABLE "coaches_dependents" ("id" INTEGER PRIMARY KEY AUTOINCREMENT NOT NULL, "dependent_id" integer, "coach_id" integer, "created_at" datetime NOT NULL, "updated_at" datetime NOT NULL) 
  [1m[36m (0.2ms)[0m  [1mINSERT INTO "schema_migrations" ("version") VALUES ('20130417013830')[0m
  [1m[35m (3.4ms)[0m  commit transaction
Migrating to AddNamesToUsers (20130417015726)
  [1m[36m (0.1ms)[0m  [1mbegin transaction[0m
  [1m[35m (0.6ms)[0m  ALTER TABLE "users" ADD "name" varchar(255)
  [1m[36m (0.8ms)[0m  [1mALTER TABLE "users" ADD "accepted_invitation" boolean DEFAULT 'false'[0m
  [1m[35m (0.3ms)[0m  ALTER TABLE "users" ADD "phone_number" integer
  [1m[36m (0.3ms)[0m  [1mALTER TABLE "users" ADD "phone_is_cell" boolean DEFAULT 'true'[0m
  [1m[35m (0.3ms)[0m  ALTER TABLE "users" ADD "texts_enabled" boolean DEFAULT 'false'
  [1m[36m (0.3ms)[0m  [1mALTER TABLE "users" ADD "calls_enabled" boolean DEFAULT 'false'[0m
  [1m[35m (0.2ms)[0m  INSERT INTO "schema_migrations" ("version") VALUES ('20130417015726')
  [1m[36m (2.6ms)[0m  [1mcommit transaction[0m
  [1m[35m (0.1ms)[0m  SELECT "schema_migrations"."version" FROM "schema_migrations" 
Connecting to database specified by database.yml
Connecting to database specified by database.yml
Binary data inserted for `string` type on column `encrypted_password`
Binary data inserted for `string` type on column `encrypted_password`
Binary data inserted for `string` type on column `encrypted_password`
Binary data inserted for `string` type on column `encrypted_password`
Connecting to database specified by database.yml
Connecting to database specified by database.yml
Connecting to database specified by database.yml
SQLite3::SQLException: no such column: coaches_dependents.user_id: SELECT "users".* FROM "users" INNER JOIN "coaches_dependents" ON "users"."id" = "coaches_dependents"."coach_id" WHERE "coaches_dependents"."user_id" = 1
Connecting to database specified by database.yml
SQLite3::SQLException: no such column: coaches_dependents.user_id: SELECT "users".* FROM "users" INNER JOIN "coaches_dependents" ON "users"."id" = "coaches_dependents"."coach_id" WHERE "coaches_dependents"."user_id" = 1
Connecting to database specified by database.yml
  [1m[36m (2.2ms)[0m  [1mSELECT "schema_migrations"."version" FROM "schema_migrations" [0m
Migrating to DeviseCreateUsers (20130417010152)
Migrating to CreateCoachesDependents (20130417013830)
Migrating to AddNamesToUsers (20130417015726)
  [1m[35m (0.1ms)[0m  select sqlite_version(*)
  [1m[36m (0.1ms)[0m  [1mSELECT "schema_migrations"."version" FROM "schema_migrations" [0m
Connecting to database specified by database.yml
SQLite3::SQLException: no such column: coaches_dependents.user_id: SELECT "users".* FROM "users" INNER JOIN "coaches_dependents" ON "users"."id" = "coaches_dependents"."coach_id" WHERE "coaches_dependents"."user_id" = 1
Connecting to database specified by database.yml
  [1m[36m (2.1ms)[0m  [1mSELECT "schema_migrations"."version" FROM "schema_migrations" [0m
Migrating to DeviseCreateUsers (20130417010152)
Migrating to CreateCoachesDependent (20130417013830)
Migrating to AddNamesToUsers (20130417015726)
  [1m[35m (0.1ms)[0m  select sqlite_version(*)
  [1m[36m (0.1ms)[0m  [1mSELECT "schema_migrations"."version" FROM "schema_migrations" [0m
Connecting to database specified by database.yml
SQLite3::SQLException: no such column: coaches_dependents.user_id: SELECT "users".* FROM "users" INNER JOIN "coaches_dependents" ON "users"."id" = "coaches_dependents"."coach_id" WHERE "coaches_dependents"."user_id" = 1
Connecting to database specified by database.yml
SQLite3::SQLException: no such column: coaches_dependents.user_id: SELECT "users".* FROM "users" INNER JOIN "coaches_dependents" ON "users"."id" = "coaches_dependents"."coach_id" WHERE "coaches_dependents"."user_id" = 1
Connecting to database specified by database.yml
SQLite3::SQLException: no such column: coaches_dependents.user_id: SELECT "users".* FROM "users" INNER JOIN "coaches_dependents" ON "users"."id" = "coaches_dependents"."coach_id" WHERE "coaches_dependents"."user_id" = 1
Connecting to database specified by database.yml
Connecting to database specified by database.yml
Connecting to database specified by database.yml
Connecting to database specified by database.yml
Connecting to database specified by database.yml
Connecting to database specified by database.yml
Connecting to database specified by database.yml
  [1m[36m (28.1ms)[0m  [1mSELECT "schema_migrations"."version" FROM "schema_migrations" [0m
Migrating to DeviseCreateUsers (20130417010152)
Migrating to CreateCoachesDependents (20130417013830)
Migrating to AddNamesToUsers (20130417015726)
Migrating to CreateMedications (20130417065742)
  [1m[35m (0.1ms)[0m  select sqlite_version(*)
  [1m[36m (0.2ms)[0m  [1mbegin transaction[0m
  [1m[35m (0.1ms)[0m  rollback transaction
Connecting to database specified by database.yml
Connecting to database specified by database.yml
Connecting to database specified by database.yml
  [1m[36m (11.3ms)[0m  [1mSELECT "schema_migrations"."version" FROM "schema_migrations" [0m
Migrating to DeviseCreateUsers (20130417010152)
Migrating to CreateCoachesDependents (20130417013830)
Migrating to AddNamesToUsers (20130417015726)
Migrating to CreateMedications (20130417070543)
  [1m[35m (0.1ms)[0m  select sqlite_version(*)
  [1m[36m (0.1ms)[0m  [1mbegin transaction[0m
  [1m[35m (43.8ms)[0m  CREATE TABLE "medications" ("id" INTEGER PRIMARY KEY AUTOINCREMENT NOT NULL, "name" varchar(255), "drug" varchar(255), "dosage_quant" integer, "dosage_size" varchar(255), "frequency" integer, "period" varchar(255), "user_id" integer, "bottle_size" integer, "notes" text, "created_at" datetime NOT NULL, "updated_at" datetime NOT NULL) 
  [1m[36m (0.2ms)[0m  [1mINSERT INTO "schema_migrations" ("version") VALUES ('20130417070543')[0m
  [1m[35m (2.7ms)[0m  commit transaction
  [1m[36m (0.1ms)[0m  [1mSELECT "schema_migrations"."version" FROM "schema_migrations" [0m
Connecting to database specified by database.yml
Connecting to database specified by database.yml
Connecting to database specified by database.yml
Connecting to database specified by database.yml
Connecting to database specified by database.yml
  [1m[36m (27.6ms)[0m  [1mSELECT "schema_migrations"."version" FROM "schema_migrations" [0m
Migrating to DeviseCreateUsers (20130417010152)
Migrating to CreateCoachesDependents (20130417013830)
Migrating to AddNamesToUsers (20130417015726)
Migrating to CreateMedications (20130417070543)
Migrating to CreateReminders (20130417072712)
  [1m[35m (0.1ms)[0m  select sqlite_version(*)
  [1m[36m (0.1ms)[0m  [1mbegin transaction[0m
  [1m[35m (26.4ms)[0m  CREATE TABLE "reminders" ("id" INTEGER PRIMARY KEY AUTOINCREMENT NOT NULL, "date" datetime, "user_id" integer, "medication_id" integer, "message" text, "created_at" datetime NOT NULL, "updated_at" datetime NOT NULL) 
  [1m[36m (0.2ms)[0m  [1mINSERT INTO "schema_migrations" ("version") VALUES ('20130417072712')[0m
  [1m[35m (2.5ms)[0m  commit transaction
  [1m[36m (0.1ms)[0m  [1mSELECT "schema_migrations"."version" FROM "schema_migrations" [0m
Connecting to database specified by database.yml
Connecting to database specified by database.yml


Started GET "/" for 127.0.0.1 at 2013-04-17 11:49:24 -0700
Processing by HomeController#index as HTML
  Rendered common/_header.html.erb (0.5ms)
  Rendered home/index.html.erb within layouts/application (46.9ms)
Compiled medications.css  (55ms)  (pid 1019)
Compiled reminders.css  (2ms)  (pid 1019)
Compiled scaffolds.css  (16ms)  (pid 1019)
Compiled application.css  (205ms)  (pid 1019)
Compiled medications.js  (406ms)  (pid 1019)
Compiled reminders.js  (100ms)  (pid 1019)
Compiled application.js  (662ms)  (pid 1019)
Completed 200 OK in 1368ms (Views: 1367.5ms | ActiveRecord: 0.0ms)


Started GET "/assets/medications.css?body=1" for 127.0.0.1 at 2013-04-17 11:49:26 -0700
Served asset /medications.css - 200 OK (9ms)


Started GET "/assets/medications.js?body=1" for 127.0.0.1 at 2013-04-17 11:49:26 -0700
Served asset /medications.js - 200 OK (4ms)


Started GET "/assets/reminders.css?body=1" for 127.0.0.1 at 2013-04-17 11:49:26 -0700
Served asset /reminders.css - 200 OK (1ms)


Started GET "/assets/reminders.js?body=1" for 127.0.0.1 at 2013-04-17 11:49:26 -0700
Served asset /reminders.js - 200 OK (5ms)


Started GET "/assets/application.css?body=1" for 127.0.0.1 at 2013-04-17 11:49:26 -0700
Served asset /application.css - 304 Not Modified (14ms)


Started GET "/assets/bootstrap-responsive.css?body=1" for 127.0.0.1 at 2013-04-17 11:49:26 -0700
Served asset /bootstrap-responsive.css - 304 Not Modified (2ms)


Started GET "/assets/bootstrap.css?body=1" for 127.0.0.1 at 2013-04-17 11:49:26 -0700
Served asset /bootstrap.css - 304 Not Modified (3ms)


Started GET "/assets/home.css?body=1" for 127.0.0.1 at 2013-04-17 11:49:26 -0700
Served asset /home.css - 304 Not Modified (2ms)


Started GET "/assets/pillbox.css?body=1" for 127.0.0.1 at 2013-04-17 11:49:26 -0700
Served asset /pillbox.css - 304 Not Modified (4ms)


Started GET "/assets/scaffolds.css?body=1" for 127.0.0.1 at 2013-04-17 11:49:26 -0700
Served asset /scaffolds.css - 200 OK (2ms)


Started GET "/assets/jquery.js?body=1" for 127.0.0.1 at 2013-04-17 11:49:26 -0700
Served asset /jquery.js - 304 Not Modified (46ms)


Started GET "/assets/jquery_ujs.js?body=1" for 127.0.0.1 at 2013-04-17 11:49:26 -0700
Served asset /jquery_ujs.js - 304 Not Modified (5ms)


Started GET "/assets/bootstrap.js?body=1" for 127.0.0.1 at 2013-04-17 11:49:26 -0700
Served asset /bootstrap.js - 304 Not Modified (1ms)


Started GET "/assets/home.js?body=1" for 127.0.0.1 at 2013-04-17 11:49:26 -0700
Served asset /home.js - 304 Not Modified (2ms)


Started GET "/assets/pillbox.js?body=1" for 127.0.0.1 at 2013-04-17 11:49:26 -0700
Served asset /pillbox.js - 304 Not Modified (1ms)


Started GET "/assets/application.js?body=1" for 127.0.0.1 at 2013-04-17 11:49:26 -0700
Served asset /application.js - 304 Not Modified (13ms)


Started GET "/" for 127.0.0.1 at 2013-04-17 11:51:43 -0700
Processing by HomeController#index as HTML
  Rendered common/_header.html.erb (0.5ms)
  Rendered home/index.html.erb within layouts/application (1.2ms)
Completed 200 OK in 107ms (Views: 106.7ms | ActiveRecord: 0.0ms)


Started GET "/assets/bootstrap-responsive.css?body=1" for 127.0.0.1 at 2013-04-17 11:51:43 -0700
Served asset /bootstrap-responsive.css - 304 Not Modified (0ms)


Started GET "/assets/bootstrap.css?body=1" for 127.0.0.1 at 2013-04-17 11:51:43 -0700
Served asset /bootstrap.css - 304 Not Modified (0ms)


Started GET "/assets/home.css?body=1" for 127.0.0.1 at 2013-04-17 11:51:43 -0700
Served asset /home.css - 304 Not Modified (0ms)


Started GET "/assets/application.css?body=1" for 127.0.0.1 at 2013-04-17 11:51:43 -0700
Served asset /application.css - 304 Not Modified (0ms)


Started GET "/assets/medications.css?body=1" for 127.0.0.1 at 2013-04-17 11:51:43 -0700
Served asset /medications.css - 304 Not Modified (0ms)


Started GET "/assets/pillbox.css?body=1" for 127.0.0.1 at 2013-04-17 11:51:43 -0700
Served asset /pillbox.css - 304 Not Modified (0ms)


Started GET "/assets/reminders.css?body=1" for 127.0.0.1 at 2013-04-17 11:51:43 -0700
Served asset /reminders.css - 304 Not Modified (0ms)


Started GET "/assets/bootstrap.js?body=1" for 127.0.0.1 at 2013-04-17 11:51:43 -0700
Served asset /bootstrap.js - 304 Not Modified (0ms)


Started GET "/assets/jquery_ujs.js?body=1" for 127.0.0.1 at 2013-04-17 11:51:43 -0700
Served asset /jquery_ujs.js - 304 Not Modified (0ms)


Started GET "/assets/jquery.js?body=1" for 127.0.0.1 at 2013-04-17 11:51:43 -0700
Served asset /jquery.js - 304 Not Modified (0ms)


Started GET "/assets/scaffolds.css?body=1" for 127.0.0.1 at 2013-04-17 11:51:43 -0700
Served asset /scaffolds.css - 304 Not Modified (0ms)


Started GET "/assets/medications.js?body=1" for 127.0.0.1 at 2013-04-17 11:51:43 -0700
Served asset /medications.js - 304 Not Modified (0ms)


Started GET "/assets/home.js?body=1" for 127.0.0.1 at 2013-04-17 11:51:43 -0700
Served asset /home.js - 304 Not Modified (0ms)


Started GET "/assets/pillbox.js?body=1" for 127.0.0.1 at 2013-04-17 11:51:43 -0700
Served asset /pillbox.js - 304 Not Modified (0ms)


Started GET "/assets/application.js?body=1" for 127.0.0.1 at 2013-04-17 11:51:43 -0700
Served asset /application.js - 304 Not Modified (0ms)


Started GET "/assets/reminders.js?body=1" for 127.0.0.1 at 2013-04-17 11:51:43 -0700
Served asset /reminders.js - 304 Not Modified (0ms)


Started GET "/" for 127.0.0.1 at 2013-04-17 11:55:35 -0700
Processing by HomeController#index as HTML
  Rendered common/_header.html.erb (0.0ms)
  Rendered home/index.html.erb within layouts/application (0.7ms)
Completed 200 OK in 107ms (Views: 106.6ms | ActiveRecord: 0.0ms)


Started GET "/assets/application.css?body=1" for 127.0.0.1 at 2013-04-17 11:55:36 -0700
Served asset /application.css - 304 Not Modified (0ms)


Started GET "/assets/bootstrap-responsive.css?body=1" for 127.0.0.1 at 2013-04-17 11:55:36 -0700
Served asset /bootstrap-responsive.css - 304 Not Modified (0ms)


Started GET "/assets/bootstrap.css?body=1" for 127.0.0.1 at 2013-04-17 11:55:36 -0700
Served asset /bootstrap.css - 304 Not Modified (0ms)


Started GET "/assets/medications.css?body=1" for 127.0.0.1 at 2013-04-17 11:55:36 -0700
Served asset /medications.css - 304 Not Modified (0ms)


Started GET "/assets/home.css?body=1" for 127.0.0.1 at 2013-04-17 11:55:36 -0700
Served asset /home.css - 304 Not Modified (0ms)


Started GET "/assets/reminders.css?body=1" for 127.0.0.1 at 2013-04-17 11:55:36 -0700
Served asset /reminders.css - 304 Not Modified (0ms)


Started GET "/assets/scaffolds.css?body=1" for 127.0.0.1 at 2013-04-17 11:55:36 -0700
Served asset /scaffolds.css - 304 Not Modified (0ms)


Started GET "/assets/pillbox.css?body=1" for 127.0.0.1 at 2013-04-17 11:55:36 -0700
Served asset /pillbox.css - 304 Not Modified (0ms)


Started GET "/assets/jquery.js?body=1" for 127.0.0.1 at 2013-04-17 11:55:36 -0700
Served asset /jquery.js - 304 Not Modified (0ms)


Started GET "/assets/jquery_ujs.js?body=1" for 127.0.0.1 at 2013-04-17 11:55:36 -0700
Served asset /jquery_ujs.js - 304 Not Modified (0ms)


Started GET "/assets/home.js?body=1" for 127.0.0.1 at 2013-04-17 11:55:36 -0700
Served asset /home.js - 304 Not Modified (0ms)


Started GET "/assets/application.js?body=1" for 127.0.0.1 at 2013-04-17 11:55:36 -0700
Served asset /application.js - 304 Not Modified (0ms)


Started GET "/assets/bootstrap.js?body=1" for 127.0.0.1 at 2013-04-17 11:55:36 -0700
Served asset /bootstrap.js - 304 Not Modified (0ms)


Started GET "/assets/medications.js?body=1" for 127.0.0.1 at 2013-04-17 11:55:36 -0700
Served asset /medications.js - 304 Not Modified (0ms)


Started GET "/assets/pillbox.js?body=1" for 127.0.0.1 at 2013-04-17 11:55:36 -0700
Served asset /pillbox.js - 304 Not Modified (0ms)


Started GET "/assets/reminders.js?body=1" for 127.0.0.1 at 2013-04-17 11:55:36 -0700
Served asset /reminders.js - 304 Not Modified (0ms)


Started GET "/" for 127.0.0.1 at 2013-04-17 11:55:38 -0700
Processing by HomeController#index as HTML
  Rendered common/_header.html.erb (0.0ms)
  Rendered home/index.html.erb within layouts/application (0.8ms)
Completed 200 OK in 120ms (Views: 120.2ms | ActiveRecord: 0.0ms)


Started GET "/assets/application.css?body=1" for 127.0.0.1 at 2013-04-17 11:55:38 -0700
Served asset /application.css - 304 Not Modified (0ms)


Started GET "/assets/bootstrap-responsive.css?body=1" for 127.0.0.1 at 2013-04-17 11:55:38 -0700
Served asset /bootstrap-responsive.css - 304 Not Modified (0ms)


Started GET "/assets/home.css?body=1" for 127.0.0.1 at 2013-04-17 11:55:38 -0700
Served asset /home.css - 304 Not Modified (0ms)


Started GET "/assets/bootstrap.css?body=1" for 127.0.0.1 at 2013-04-17 11:55:38 -0700
Served asset /bootstrap.css - 304 Not Modified (0ms)


Started GET "/assets/medications.css?body=1" for 127.0.0.1 at 2013-04-17 11:55:38 -0700
Served asset /medications.css - 304 Not Modified (0ms)


Started GET "/assets/pillbox.css?body=1" for 127.0.0.1 at 2013-04-17 11:55:38 -0700
Served asset /pillbox.css - 304 Not Modified (0ms)


Started GET "/assets/jquery.js?body=1" for 127.0.0.1 at 2013-04-17 11:55:38 -0700
Served asset /jquery.js - 304 Not Modified (0ms)


Started GET "/assets/jquery_ujs.js?body=1" for 127.0.0.1 at 2013-04-17 11:55:38 -0700
Served asset /jquery_ujs.js - 304 Not Modified (0ms)


Started GET "/assets/reminders.css?body=1" for 127.0.0.1 at 2013-04-17 11:55:38 -0700
Served asset /reminders.css - 304 Not Modified (0ms)


Started GET "/assets/scaffolds.css?body=1" for 127.0.0.1 at 2013-04-17 11:55:38 -0700
Served asset /scaffolds.css - 304 Not Modified (0ms)


Started GET "/assets/application.js?body=1" for 127.0.0.1 at 2013-04-17 11:55:38 -0700
Served asset /application.js - 304 Not Modified (0ms)


Started GET "/assets/bootstrap.js?body=1" for 127.0.0.1 at 2013-04-17 11:55:38 -0700
Served asset /bootstrap.js - 304 Not Modified (0ms)


Started GET "/assets/home.js?body=1" for 127.0.0.1 at 2013-04-17 11:55:38 -0700
Served asset /home.js - 304 Not Modified (0ms)


Started GET "/assets/medications.js?body=1" for 127.0.0.1 at 2013-04-17 11:55:38 -0700
Served asset /medications.js - 304 Not Modified (0ms)


Started GET "/assets/reminders.js?body=1" for 127.0.0.1 at 2013-04-17 11:55:38 -0700
Served asset /reminders.js - 304 Not Modified (0ms)


Started GET "/assets/pillbox.js?body=1" for 127.0.0.1 at 2013-04-17 11:55:38 -0700
Served asset /pillbox.js - 304 Not Modified (0ms)


Started GET "/" for 127.0.0.1 at 2013-04-17 11:58:04 -0700
Processing by HomeController#index as HTML
  Rendered common/_header.html.erb (0.0ms)
  Rendered home/index.html.erb within layouts/application (1.5ms)
Compiled home.css  (0ms)  (pid 1019)
Compiled application.css  (10ms)  (pid 1019)
Completed 200 OK in 169ms (Views: 168.4ms | ActiveRecord: 0.0ms)


Started GET "/assets/pillbox.css?body=1" for 127.0.0.1 at 2013-04-17 11:58:05 -0700
Served asset /pillbox.css - 304 Not Modified (0ms)


Started GET "/assets/application.css?body=1" for 127.0.0.1 at 2013-04-17 11:58:05 -0700
Served asset /application.css - 304 Not Modified (25ms)


Started GET "/assets/bootstrap-responsive.css?body=1" for 127.0.0.1 at 2013-04-17 11:58:05 -0700
Served asset /bootstrap-responsive.css - 304 Not Modified (0ms)


Started GET "/assets/bootstrap.css?body=1" for 127.0.0.1 at 2013-04-17 11:58:05 -0700
Served asset /bootstrap.css - 304 Not Modified (0ms)


Started GET "/assets/medications.css?body=1" for 127.0.0.1 at 2013-04-17 11:58:05 -0700
Served asset /medications.css - 304 Not Modified (0ms)


Started GET "/assets/home.css?body=1" for 127.0.0.1 at 2013-04-17 11:58:05 -0700
Served asset /home.css - 200 OK (2ms)


Started GET "/assets/reminders.css?body=1" for 127.0.0.1 at 2013-04-17 11:58:05 -0700
Served asset /reminders.css - 304 Not Modified (0ms)


Started GET "/assets/scaffolds.css?body=1" for 127.0.0.1 at 2013-04-17 11:58:05 -0700
Served asset /scaffolds.css - 304 Not Modified (0ms)


Started GET "/assets/bootstrap.js?body=1" for 127.0.0.1 at 2013-04-17 11:58:05 -0700
Served asset /bootstrap.js - 304 Not Modified (0ms)


Started GET "/assets/jquery_ujs.js?body=1" for 127.0.0.1 at 2013-04-17 11:58:05 -0700
Served asset /jquery_ujs.js - 304 Not Modified (0ms)


Started GET "/assets/jquery.js?body=1" for 127.0.0.1 at 2013-04-17 11:58:05 -0700
Served asset /jquery.js - 304 Not Modified (0ms)


Started GET "/assets/home.js?body=1" for 127.0.0.1 at 2013-04-17 11:58:05 -0700
Served asset /home.js - 304 Not Modified (0ms)


Started GET "/assets/medications.js?body=1" for 127.0.0.1 at 2013-04-17 11:58:05 -0700
Served asset /medications.js - 304 Not Modified (0ms)


Started GET "/assets/application.js?body=1" for 127.0.0.1 at 2013-04-17 11:58:05 -0700
Served asset /application.js - 304 Not Modified (0ms)


Started GET "/assets/reminders.js?body=1" for 127.0.0.1 at 2013-04-17 11:58:05 -0700
Served asset /reminders.js - 304 Not Modified (0ms)


Started GET "/assets/pillbox.js?body=1" for 127.0.0.1 at 2013-04-17 11:58:05 -0700
Served asset /pillbox.js - 304 Not Modified (0ms)


Started GET "/" for 127.0.0.1 at 2013-04-17 11:58:20 -0700
Processing by HomeController#index as HTML
  Rendered common/_header.html.erb (0.0ms)
  Rendered home/index.html.erb within layouts/application (2.0ms)
Completed 200 OK in 88ms (Views: 87.7ms | ActiveRecord: 0.0ms)


Started GET "/assets/application.css?body=1" for 127.0.0.1 at 2013-04-17 11:58:20 -0700
Served asset /application.css - 304 Not Modified (0ms)


Started GET "/assets/bootstrap-responsive.css?body=1" for 127.0.0.1 at 2013-04-17 11:58:20 -0700
Served asset /bootstrap-responsive.css - 304 Not Modified (0ms)


Started GET "/assets/home.css?body=1" for 127.0.0.1 at 2013-04-17 11:58:20 -0700
Served asset /home.css - 304 Not Modified (0ms)


Started GET "/assets/bootstrap.css?body=1" for 127.0.0.1 at 2013-04-17 11:58:20 -0700
Served asset /bootstrap.css - 304 Not Modified (0ms)


Started GET "/assets/pillbox.css?body=1" for 127.0.0.1 at 2013-04-17 11:58:20 -0700
Served asset /pillbox.css - 304 Not Modified (0ms)


Started GET "/assets/medications.css?body=1" for 127.0.0.1 at 2013-04-17 11:58:20 -0700
Served asset /medications.css - 304 Not Modified (0ms)


Started GET "/assets/reminders.css?body=1" for 127.0.0.1 at 2013-04-17 11:58:20 -0700
Served asset /reminders.css - 304 Not Modified (0ms)


Started GET "/assets/scaffolds.css?body=1" for 127.0.0.1 at 2013-04-17 11:58:20 -0700
Served asset /scaffolds.css - 304 Not Modified (0ms)


Started GET "/assets/jquery.js?body=1" for 127.0.0.1 at 2013-04-17 11:58:20 -0700
Served asset /jquery.js - 304 Not Modified (0ms)


Started GET "/assets/jquery_ujs.js?body=1" for 127.0.0.1 at 2013-04-17 11:58:20 -0700
Served asset /jquery_ujs.js - 304 Not Modified (0ms)


Started GET "/assets/bootstrap.js?body=1" for 127.0.0.1 at 2013-04-17 11:58:20 -0700
Served asset /bootstrap.js - 304 Not Modified (0ms)


Started GET "/assets/home.js?body=1" for 127.0.0.1 at 2013-04-17 11:58:20 -0700
Served asset /home.js - 304 Not Modified (0ms)


Started GET "/assets/medications.js?body=1" for 127.0.0.1 at 2013-04-17 11:58:20 -0700
Served asset /medications.js - 304 Not Modified (0ms)


Started GET "/assets/pillbox.js?body=1" for 127.0.0.1 at 2013-04-17 11:58:20 -0700
Served asset /pillbox.js - 304 Not Modified (0ms)


Started GET "/assets/application.js?body=1" for 127.0.0.1 at 2013-04-17 11:58:20 -0700
Served asset /application.js - 304 Not Modified (0ms)


Started GET "/assets/reminders.js?body=1" for 127.0.0.1 at 2013-04-17 11:58:20 -0700
Served asset /reminders.js - 304 Not Modified (0ms)


Started GET "/" for 127.0.0.1 at 2013-04-17 11:58:46 -0700
Processing by HomeController#index as HTML
  Rendered common/_header.html.erb (0.4ms)
  Rendered home/index.html.erb within layouts/application (1.2ms)
Completed 200 OK in 80ms (Views: 80.0ms | ActiveRecord: 0.0ms)


Started GET "/assets/application.css?body=1" for 127.0.0.1 at 2013-04-17 11:58:47 -0700
Served asset /application.css - 304 Not Modified (2ms)


Started GET "/assets/bootstrap-responsive.css?body=1" for 127.0.0.1 at 2013-04-17 11:58:47 -0700
Served asset /bootstrap-responsive.css - 304 Not Modified (0ms)


Started GET "/assets/medications.css?body=1" for 127.0.0.1 at 2013-04-17 11:58:47 -0700
Served asset /medications.css - 304 Not Modified (0ms)


Started GET "/assets/home.css?body=1" for 127.0.0.1 at 2013-04-17 11:58:47 -0700
Served asset /home.css - 304 Not Modified (0ms)


Started GET "/assets/bootstrap.css?body=1" for 127.0.0.1 at 2013-04-17 11:58:47 -0700
Served asset /bootstrap.css - 304 Not Modified (0ms)


Started GET "/assets/reminders.css?body=1" for 127.0.0.1 at 2013-04-17 11:58:47 -0700
Served asset /reminders.css - 304 Not Modified (0ms)


Started GET "/assets/pillbox.css?body=1" for 127.0.0.1 at 2013-04-17 11:58:47 -0700
Served asset /pillbox.css - 304 Not Modified (0ms)


Started GET "/assets/scaffolds.css?body=1" for 127.0.0.1 at 2013-04-17 11:58:47 -0700
Served asset /scaffolds.css - 304 Not Modified (0ms)


Started GET "/assets/jquery.js?body=1" for 127.0.0.1 at 2013-04-17 11:58:47 -0700
Served asset /jquery.js - 304 Not Modified (0ms)


Started GET "/assets/jquery_ujs.js?body=1" for 127.0.0.1 at 2013-04-17 11:58:47 -0700
Served asset /jquery_ujs.js - 304 Not Modified (0ms)


Started GET "/assets/bootstrap.js?body=1" for 127.0.0.1 at 2013-04-17 11:58:47 -0700
Served asset /bootstrap.js - 304 Not Modified (0ms)


Started GET "/assets/home.js?body=1" for 127.0.0.1 at 2013-04-17 11:58:47 -0700
Served asset /home.js - 304 Not Modified (1ms)


Started GET "/assets/pillbox.js?body=1" for 127.0.0.1 at 2013-04-17 11:58:47 -0700
Served asset /pillbox.js - 304 Not Modified (0ms)


Started GET "/assets/medications.js?body=1" for 127.0.0.1 at 2013-04-17 11:58:47 -0700
Served asset /medications.js - 304 Not Modified (0ms)


Started GET "/assets/reminders.js?body=1" for 127.0.0.1 at 2013-04-17 11:58:47 -0700
Served asset /reminders.js - 304 Not Modified (0ms)


Started GET "/assets/application.js?body=1" for 127.0.0.1 at 2013-04-17 11:58:48 -0700
Served asset /application.js - 304 Not Modified (0ms)
Connecting to database specified by database.yml


Started GET "/" for 127.0.0.1 at 2013-04-17 16:45:31 -0700
Processing by HomeController#index as HTML
  Rendered common/_header.html.erb (0.6ms)
  Rendered home/index.html.erb within layouts/application (44.6ms)
Completed 200 OK in 402ms (Views: 401.9ms | ActiveRecord: 0.0ms)


Started GET "/assets/bootstrap.css?body=1" for 127.0.0.1 at 2013-04-17 16:45:32 -0700
Served asset /bootstrap.css - 304 Not Modified (5ms)


Started GET "/assets/home.css?body=1" for 127.0.0.1 at 2013-04-17 16:45:32 -0700
Served asset /home.css - 304 Not Modified (1ms)


Started GET "/assets/application.css?body=1" for 127.0.0.1 at 2013-04-17 16:45:32 -0700
Served asset /application.css - 304 Not Modified (11ms)


Started GET "/assets/bootstrap-responsive.css?body=1" for 127.0.0.1 at 2013-04-17 16:45:32 -0700
Served asset /bootstrap-responsive.css - 304 Not Modified (3ms)


Started GET "/assets/medications.css?body=1" for 127.0.0.1 at 2013-04-17 16:45:32 -0700
Served asset /medications.css - 304 Not Modified (1ms)


Started GET "/assets/pillbox.css?body=1" for 127.0.0.1 at 2013-04-17 16:45:32 -0700
Served asset /pillbox.css - 304 Not Modified (40ms)


Started GET "/assets/reminders.css?body=1" for 127.0.0.1 at 2013-04-17 16:45:32 -0700
Served asset /reminders.css - 304 Not Modified (2ms)


Started GET "/assets/scaffolds.css?body=1" for 127.0.0.1 at 2013-04-17 16:45:32 -0700
Served asset /scaffolds.css - 304 Not Modified (1ms)


Started GET "/assets/bootstrap.js?body=1" for 127.0.0.1 at 2013-04-17 16:45:32 -0700
Served asset /bootstrap.js - 304 Not Modified (3ms)


Started GET "/assets/jquery.js?body=1" for 127.0.0.1 at 2013-04-17 16:45:32 -0700
Served asset /jquery.js - 304 Not Modified (3ms)


Started GET "/assets/jquery_ujs.js?body=1" for 127.0.0.1 at 2013-04-17 16:45:32 -0700
Served asset /jquery_ujs.js - 304 Not Modified (2ms)


Started GET "/assets/medications.js?body=1" for 127.0.0.1 at 2013-04-17 16:45:32 -0700
Served asset /medications.js - 304 Not Modified (4ms)


Started GET "/assets/home.js?body=1" for 127.0.0.1 at 2013-04-17 16:45:32 -0700
Served asset /home.js - 304 Not Modified (1ms)


Started GET "/assets/pillbox.js?body=1" for 127.0.0.1 at 2013-04-17 16:45:32 -0700
Served asset /pillbox.js - 304 Not Modified (2ms)


Started GET "/assets/reminders.js?body=1" for 127.0.0.1 at 2013-04-17 16:45:32 -0700
Served asset /reminders.js - 304 Not Modified (2ms)


Started GET "/assets/application.js?body=1" for 127.0.0.1 at 2013-04-17 16:45:32 -0700
Served asset /application.js - 304 Not Modified (54ms)


Started GET "/" for 127.0.0.1 at 2013-04-17 17:10:40 -0700
Processing by HomeController#index as HTML
  Rendered common/_header.html.erb (0.5ms)
  Rendered home/index.html.erb within layouts/application (1.2ms)
Completed 200 OK in 46ms (Views: 45.5ms | ActiveRecord: 0.0ms)


Started GET "/assets/application.css?body=1" for 127.0.0.1 at 2013-04-17 17:10:40 -0700
Served asset /application.css - 304 Not Modified (0ms)


Started GET "/assets/pillbox.css?body=1" for 127.0.0.1 at 2013-04-17 17:10:40 -0700
Served asset /pillbox.css - 304 Not Modified (0ms)


Started GET "/assets/bootstrap-responsive.css?body=1" for 127.0.0.1 at 2013-04-17 17:10:40 -0700
Served asset /bootstrap-responsive.css - 304 Not Modified (0ms)


Started GET "/assets/medications.css?body=1" for 127.0.0.1 at 2013-04-17 17:10:40 -0700
Served asset /medications.css - 304 Not Modified (0ms)


Started GET "/assets/home.css?body=1" for 127.0.0.1 at 2013-04-17 17:10:40 -0700
Served asset /home.css - 304 Not Modified (0ms)


Started GET "/assets/bootstrap.css?body=1" for 127.0.0.1 at 2013-04-17 17:10:40 -0700
Served asset /bootstrap.css - 304 Not Modified (0ms)


Started GET "/assets/jquery.js?body=1" for 127.0.0.1 at 2013-04-17 17:10:40 -0700
Served asset /jquery.js - 304 Not Modified (0ms)


Started GET "/assets/jquery_ujs.js?body=1" for 127.0.0.1 at 2013-04-17 17:10:40 -0700
Served asset /jquery_ujs.js - 304 Not Modified (0ms)


Started GET "/assets/reminders.css?body=1" for 127.0.0.1 at 2013-04-17 17:10:40 -0700
Served asset /reminders.css - 304 Not Modified (0ms)


Started GET "/assets/bootstrap.js?body=1" for 127.0.0.1 at 2013-04-17 17:10:40 -0700
Served asset /bootstrap.js - 304 Not Modified (0ms)


Started GET "/assets/scaffolds.css?body=1" for 127.0.0.1 at 2013-04-17 17:10:40 -0700
Served asset /scaffolds.css - 304 Not Modified (0ms)


Started GET "/assets/home.js?body=1" for 127.0.0.1 at 2013-04-17 17:10:40 -0700
Served asset /home.js - 304 Not Modified (0ms)


Started GET "/assets/medications.js?body=1" for 127.0.0.1 at 2013-04-17 17:10:40 -0700
Served asset /medications.js - 304 Not Modified (0ms)


Started GET "/assets/application.js?body=1" for 127.0.0.1 at 2013-04-17 17:10:40 -0700
Served asset /application.js - 304 Not Modified (0ms)


Started GET "/assets/reminders.js?body=1" for 127.0.0.1 at 2013-04-17 17:10:40 -0700
Served asset /reminders.js - 304 Not Modified (0ms)


Started GET "/assets/pillbox.js?body=1" for 127.0.0.1 at 2013-04-17 17:10:40 -0700
Served asset /pillbox.js - 304 Not Modified (0ms)


Started GET "/" for 127.0.0.1 at 2013-04-17 17:16:27 -0700
Processing by HomeController#index as HTML
  Rendered common/_header.html.erb (0.0ms)
  Rendered home/index.html.erb within layouts/application (0.8ms)
Completed 200 OK in 74ms (Views: 74.1ms | ActiveRecord: 0.0ms)


Started GET "/assets/bootstrap.css?body=1" for 127.0.0.1 at 2013-04-17 17:16:28 -0700
Served asset /bootstrap.css - 304 Not Modified (0ms)


Started GET "/assets/medications.css?body=1" for 127.0.0.1 at 2013-04-17 17:16:28 -0700
Served asset /medications.css - 304 Not Modified (0ms)


Started GET "/assets/bootstrap-responsive.css?body=1" for 127.0.0.1 at 2013-04-17 17:16:28 -0700
Served asset /bootstrap-responsive.css - 304 Not Modified (0ms)


Started GET "/assets/home.css?body=1" for 127.0.0.1 at 2013-04-17 17:16:28 -0700
Served asset /home.css - 304 Not Modified (0ms)


Started GET "/assets/application.css?body=1" for 127.0.0.1 at 2013-04-17 17:16:28 -0700
Served asset /application.css - 304 Not Modified (0ms)


Started GET "/assets/scaffolds.css?body=1" for 127.0.0.1 at 2013-04-17 17:16:28 -0700
Served asset /scaffolds.css - 304 Not Modified (0ms)


Started GET "/assets/reminders.css?body=1" for 127.0.0.1 at 2013-04-17 17:16:28 -0700
Served asset /reminders.css - 304 Not Modified (0ms)


Started GET "/assets/pillbox.css?body=1" for 127.0.0.1 at 2013-04-17 17:16:28 -0700
Served asset /pillbox.css - 304 Not Modified (0ms)


Started GET "/assets/jquery.js?body=1" for 127.0.0.1 at 2013-04-17 17:16:28 -0700
Served asset /jquery.js - 304 Not Modified (0ms)


Started GET "/assets/medications.js?body=1" for 127.0.0.1 at 2013-04-17 17:16:28 -0700
Served asset /medications.js - 304 Not Modified (0ms)


Started GET "/assets/bootstrap.js?body=1" for 127.0.0.1 at 2013-04-17 17:16:28 -0700
Served asset /bootstrap.js - 304 Not Modified (0ms)


Started GET "/assets/reminders.js?body=1" for 127.0.0.1 at 2013-04-17 17:16:28 -0700
Served asset /reminders.js - 304 Not Modified (0ms)


Started GET "/assets/jquery_ujs.js?body=1" for 127.0.0.1 at 2013-04-17 17:16:28 -0700
Served asset /jquery_ujs.js - 304 Not Modified (0ms)


Started GET "/assets/pillbox.js?body=1" for 127.0.0.1 at 2013-04-17 17:16:28 -0700
Served asset /pillbox.js - 304 Not Modified (0ms)


Started GET "/assets/home.js?body=1" for 127.0.0.1 at 2013-04-17 17:16:28 -0700
Served asset /home.js - 304 Not Modified (0ms)


Started GET "/assets/application.js?body=1" for 127.0.0.1 at 2013-04-17 17:16:28 -0700
Served asset /application.js - 304 Not Modified (0ms)


Started GET "/" for 127.0.0.1 at 2013-04-17 17:25:52 -0700
Processing by HomeController#index as HTML
  Rendered common/_header.html.erb (0.5ms)
  Rendered home/index.html.erb within layouts/application (1.2ms)
Compiled application.css  (3ms)  (pid 1784)
Completed 200 OK in 218ms (Views: 217.9ms | ActiveRecord: 0.0ms)


Started GET "/assets/application.css?body=1" for 127.0.0.1 at 2013-04-17 17:25:52 -0700
Served asset /application.css - 200 OK (9ms)


Started GET "/assets/bootstrap-responsive.css?body=1" for 127.0.0.1 at 2013-04-17 17:25:52 -0700
Served asset /bootstrap-responsive.css - 304 Not Modified (0ms)


Started GET "/assets/medications.css?body=1" for 127.0.0.1 at 2013-04-17 17:25:52 -0700
Served asset /medications.css - 304 Not Modified (0ms)


Started GET "/assets/pillbox.css?body=1" for 127.0.0.1 at 2013-04-17 17:25:52 -0700
Served asset /pillbox.css - 304 Not Modified (0ms)


Started GET "/assets/reminders.css?body=1" for 127.0.0.1 at 2013-04-17 17:25:52 -0700
Served asset /reminders.css - 304 Not Modified (0ms)


Started GET "/assets/home.css?body=1" for 127.0.0.1 at 2013-04-17 17:25:52 -0700
Served asset /home.css - 304 Not Modified (0ms)


Started GET "/assets/bootstrap.css?body=1" for 127.0.0.1 at 2013-04-17 17:25:52 -0700
Served asset /bootstrap.css - 304 Not Modified (0ms)


Started GET "/assets/scaffolds.css?body=1" for 127.0.0.1 at 2013-04-17 17:25:52 -0700
Served asset /scaffolds.css - 304 Not Modified (0ms)


Started GET "/assets/jquery_ujs.js?body=1" for 127.0.0.1 at 2013-04-17 17:25:52 -0700
Served asset /jquery_ujs.js - 304 Not Modified (0ms)


Started GET "/assets/jquery.js?body=1" for 127.0.0.1 at 2013-04-17 17:25:52 -0700
Served asset /jquery.js - 304 Not Modified (0ms)


Started GET "/assets/bootstrap.js?body=1" for 127.0.0.1 at 2013-04-17 17:25:52 -0700
Served asset /bootstrap.js - 304 Not Modified (0ms)


Started GET "/assets/home.js?body=1" for 127.0.0.1 at 2013-04-17 17:25:52 -0700
Served asset /home.js - 304 Not Modified (0ms)


Started GET "/assets/pillbox.js?body=1" for 127.0.0.1 at 2013-04-17 17:25:52 -0700
Served asset /pillbox.js - 304 Not Modified (0ms)


Started GET "/assets/reminders.js?body=1" for 127.0.0.1 at 2013-04-17 17:25:52 -0700
Served asset /reminders.js - 304 Not Modified (0ms)


Started GET "/assets/medications.js?body=1" for 127.0.0.1 at 2013-04-17 17:25:52 -0700
Served asset /medications.js - 304 Not Modified (0ms)


Started GET "/assets/application.js?body=1" for 127.0.0.1 at 2013-04-17 17:25:52 -0700
Served asset /application.js - 304 Not Modified (0ms)


Started GET "/" for 127.0.0.1 at 2013-04-17 17:28:31 -0700
Processing by HomeController#index as HTML
  Rendered common/_header.html.erb (0.0ms)
  Rendered home/index.html.erb within layouts/application (0.7ms)
Compiled application.css  (3ms)  (pid 1784)
Completed 200 OK in 106ms (Views: 105.5ms | ActiveRecord: 0.0ms)


Started GET "/assets/application.css?body=1" for 127.0.0.1 at 2013-04-17 17:28:31 -0700
Served asset /application.css - 200 OK (10ms)


Started GET "/assets/bootstrap.css?body=1" for 127.0.0.1 at 2013-04-17 17:28:31 -0700
Served asset /bootstrap.css - 304 Not Modified (0ms)


Started GET "/assets/home.css?body=1" for 127.0.0.1 at 2013-04-17 17:28:31 -0700
Served asset /home.css - 304 Not Modified (0ms)


Started GET "/assets/medications.css?body=1" for 127.0.0.1 at 2013-04-17 17:28:31 -0700
Served asset /medications.css - 304 Not Modified (0ms)


Started GET "/assets/bootstrap-responsive.css?body=1" for 127.0.0.1 at 2013-04-17 17:28:31 -0700
Served asset /bootstrap-responsive.css - 304 Not Modified (0ms)


Started GET "/assets/scaffolds.css?body=1" for 127.0.0.1 at 2013-04-17 17:28:31 -0700
Served asset /scaffolds.css - 304 Not Modified (0ms)


Started GET "/assets/reminders.css?body=1" for 127.0.0.1 at 2013-04-17 17:28:31 -0700
Served asset /reminders.css - 304 Not Modified (0ms)


Started GET "/assets/jquery.js?body=1" for 127.0.0.1 at 2013-04-17 17:28:31 -0700
Served asset /jquery.js - 304 Not Modified (0ms)


Started GET "/assets/pillbox.css?body=1" for 127.0.0.1 at 2013-04-17 17:28:31 -0700
Served asset /pillbox.css - 304 Not Modified (0ms)


Started GET "/assets/jquery_ujs.js?body=1" for 127.0.0.1 at 2013-04-17 17:28:31 -0700
Served asset /jquery_ujs.js - 304 Not Modified (0ms)


Started GET "/assets/bootstrap.js?body=1" for 127.0.0.1 at 2013-04-17 17:28:31 -0700
Served asset /bootstrap.js - 304 Not Modified (0ms)


Started GET "/assets/home.js?body=1" for 127.0.0.1 at 2013-04-17 17:28:31 -0700
Served asset /home.js - 304 Not Modified (0ms)


Started GET "/assets/medications.js?body=1" for 127.0.0.1 at 2013-04-17 17:28:31 -0700
Served asset /medications.js - 304 Not Modified (0ms)


Started GET "/assets/reminders.js?body=1" for 127.0.0.1 at 2013-04-17 17:28:31 -0700
Served asset /reminders.js - 304 Not Modified (0ms)


Started GET "/assets/pillbox.js?body=1" for 127.0.0.1 at 2013-04-17 17:28:31 -0700
Served asset /pillbox.js - 304 Not Modified (0ms)


Started GET "/assets/application.js?body=1" for 127.0.0.1 at 2013-04-17 17:28:32 -0700
Served asset /application.js - 304 Not Modified (0ms)


Started GET "/" for 127.0.0.1 at 2013-04-17 17:28:57 -0700
Processing by HomeController#index as HTML
  Rendered common/_header.html.erb (0.0ms)
  Rendered home/index.html.erb within layouts/application (0.7ms)
Compiled application.css  (3ms)  (pid 1784)
Completed 200 OK in 107ms (Views: 106.7ms | ActiveRecord: 0.0ms)


Started GET "/assets/medications.css?body=1" for 127.0.0.1 at 2013-04-17 17:28:57 -0700
Served asset /medications.css - 304 Not Modified (0ms)


Started GET "/assets/pillbox.css?body=1" for 127.0.0.1 at 2013-04-17 17:28:57 -0700
Served asset /pillbox.css - 304 Not Modified (0ms)


Started GET "/assets/bootstrap-responsive.css?body=1" for 127.0.0.1 at 2013-04-17 17:28:57 -0700
Served asset /bootstrap-responsive.css - 304 Not Modified (0ms)


Started GET "/assets/home.css?body=1" for 127.0.0.1 at 2013-04-17 17:28:57 -0700
Served asset /home.css - 304 Not Modified (0ms)


Started GET "/assets/application.css?body=1" for 127.0.0.1 at 2013-04-17 17:28:57 -0700
Served asset /application.css - 200 OK (79ms)


Started GET "/assets/bootstrap.css?body=1" for 127.0.0.1 at 2013-04-17 17:28:57 -0700
Served asset /bootstrap.css - 304 Not Modified (0ms)


Started GET "/assets/reminders.css?body=1" for 127.0.0.1 at 2013-04-17 17:28:57 -0700
Served asset /reminders.css - 304 Not Modified (0ms)


Started GET "/assets/scaffolds.css?body=1" for 127.0.0.1 at 2013-04-17 17:28:57 -0700
Served asset /scaffolds.css - 304 Not Modified (0ms)


Started GET "/assets/jquery.js?body=1" for 127.0.0.1 at 2013-04-17 17:28:57 -0700
Served asset /jquery.js - 304 Not Modified (0ms)


Started GET "/assets/jquery_ujs.js?body=1" for 127.0.0.1 at 2013-04-17 17:28:57 -0700
Served asset /jquery_ujs.js - 304 Not Modified (0ms)


Started GET "/assets/bootstrap.js?body=1" for 127.0.0.1 at 2013-04-17 17:28:57 -0700
Served asset /bootstrap.js - 304 Not Modified (0ms)


Started GET "/assets/pillbox.js?body=1" for 127.0.0.1 at 2013-04-17 17:28:57 -0700
Served asset /pillbox.js - 304 Not Modified (0ms)


Started GET "/assets/home.js?body=1" for 127.0.0.1 at 2013-04-17 17:28:57 -0700
Served asset /home.js - 304 Not Modified (0ms)


Started GET "/assets/application.js?body=1" for 127.0.0.1 at 2013-04-17 17:28:57 -0700
Served asset /application.js - 304 Not Modified (0ms)


Started GET "/assets/reminders.js?body=1" for 127.0.0.1 at 2013-04-17 17:28:58 -0700
Served asset /reminders.js - 304 Not Modified (0ms)


Started GET "/assets/medications.js?body=1" for 127.0.0.1 at 2013-04-17 17:28:58 -0700
Served asset /medications.js - 304 Not Modified (0ms)


Started GET "/" for 127.0.0.1 at 2013-04-17 17:32:08 -0700
Processing by HomeController#index as HTML
  Rendered common/_header.html.erb (0.0ms)
  Rendered home/index.html.erb within layouts/application (1.7ms)
Compiled application.css  (2ms)  (pid 1784)
Completed 200 OK in 169ms (Views: 168.5ms | ActiveRecord: 0.0ms)


Started GET "/assets/application.css?body=1" for 127.0.0.1 at 2013-04-17 17:32:08 -0700
Served asset /application.css - 200 OK (14ms)


Started GET "/assets/bootstrap.css?body=1" for 127.0.0.1 at 2013-04-17 17:32:08 -0700
Served asset /bootstrap.css - 304 Not Modified (0ms)


Started GET "/assets/medications.css?body=1" for 127.0.0.1 at 2013-04-17 17:32:08 -0700
Served asset /medications.css - 304 Not Modified (0ms)


Started GET "/assets/home.css?body=1" for 127.0.0.1 at 2013-04-17 17:32:08 -0700
Served asset /home.css - 304 Not Modified (0ms)


Started GET "/assets/bootstrap-responsive.css?body=1" for 127.0.0.1 at 2013-04-17 17:32:08 -0700
Served asset /bootstrap-responsive.css - 304 Not Modified (0ms)


Started GET "/assets/pillbox.css?body=1" for 127.0.0.1 at 2013-04-17 17:32:08 -0700
Served asset /pillbox.css - 304 Not Modified (0ms)


Started GET "/assets/reminders.css?body=1" for 127.0.0.1 at 2013-04-17 17:32:08 -0700
Served asset /reminders.css - 304 Not Modified (0ms)


Started GET "/assets/scaffolds.css?body=1" for 127.0.0.1 at 2013-04-17 17:32:08 -0700
Served asset /scaffolds.css - 304 Not Modified (0ms)


Started GET "/assets/jquery.js?body=1" for 127.0.0.1 at 2013-04-17 17:32:08 -0700
Served asset /jquery.js - 304 Not Modified (0ms)


Started GET "/assets/jquery_ujs.js?body=1" for 127.0.0.1 at 2013-04-17 17:32:08 -0700
Served asset /jquery_ujs.js - 304 Not Modified (0ms)


Started GET "/assets/bootstrap.js?body=1" for 127.0.0.1 at 2013-04-17 17:32:08 -0700
Served asset /bootstrap.js - 304 Not Modified (0ms)


Started GET "/assets/home.js?body=1" for 127.0.0.1 at 2013-04-17 17:32:08 -0700
Served asset /home.js - 304 Not Modified (0ms)


Started GET "/assets/application.js?body=1" for 127.0.0.1 at 2013-04-17 17:32:08 -0700
Served asset /application.js - 304 Not Modified (0ms)


Started GET "/assets/pillbox.js?body=1" for 127.0.0.1 at 2013-04-17 17:32:09 -0700
Served asset /pillbox.js - 304 Not Modified (0ms)


Started GET "/assets/reminders.js?body=1" for 127.0.0.1 at 2013-04-17 17:32:09 -0700
Served asset /reminders.js - 304 Not Modified (0ms)


Started GET "/assets/medications.js?body=1" for 127.0.0.1 at 2013-04-17 17:32:09 -0700
Served asset /medications.js - 304 Not Modified (0ms)


Started GET "/" for 127.0.0.1 at 2013-04-17 18:00:14 -0700
Processing by HomeController#index as HTML
  Rendered common/_header.html.erb (0.0ms)
  Rendered home/index.html.erb within layouts/application (0.9ms)
Compiled application.css  (3ms)  (pid 1784)
Completed 200 OK in 100ms (Views: 100.2ms | ActiveRecord: 0.0ms)


Started GET "/assets/application.css?body=1" for 127.0.0.1 at 2013-04-17 18:00:15 -0700
Served asset /application.css - 200 OK (13ms)


Started GET "/assets/bootstrap-responsive.css?body=1" for 127.0.0.1 at 2013-04-17 18:00:15 -0700
Served asset /bootstrap-responsive.css - 304 Not Modified (0ms)


Started GET "/assets/bootstrap.css?body=1" for 127.0.0.1 at 2013-04-17 18:00:15 -0700
Served asset /bootstrap.css - 304 Not Modified (0ms)


Started GET "/assets/home.css?body=1" for 127.0.0.1 at 2013-04-17 18:00:15 -0700
Served asset /home.css - 304 Not Modified (0ms)


Started GET "/assets/medications.css?body=1" for 127.0.0.1 at 2013-04-17 18:00:15 -0700
Served asset /medications.css - 304 Not Modified (0ms)


Started GET "/assets/pillbox.css?body=1" for 127.0.0.1 at 2013-04-17 18:00:15 -0700
Served asset /pillbox.css - 304 Not Modified (0ms)


Started GET "/assets/reminders.css?body=1" for 127.0.0.1 at 2013-04-17 18:00:15 -0700
Served asset /reminders.css - 304 Not Modified (0ms)


Started GET "/assets/jquery_ujs.js?body=1" for 127.0.0.1 at 2013-04-17 18:00:15 -0700
Served asset /jquery_ujs.js - 304 Not Modified (0ms)


Started GET "/assets/scaffolds.css?body=1" for 127.0.0.1 at 2013-04-17 18:00:15 -0700
Served asset /scaffolds.css - 304 Not Modified (0ms)


Started GET "/assets/jquery.js?body=1" for 127.0.0.1 at 2013-04-17 18:00:15 -0700
Served asset /jquery.js - 304 Not Modified (0ms)


Started GET "/assets/bootstrap.js?body=1" for 127.0.0.1 at 2013-04-17 18:00:15 -0700
Served asset /bootstrap.js - 304 Not Modified (0ms)


Started GET "/assets/home.js?body=1" for 127.0.0.1 at 2013-04-17 18:00:15 -0700
Served asset /home.js - 304 Not Modified (0ms)


Started GET "/assets/pillbox.js?body=1" for 127.0.0.1 at 2013-04-17 18:00:15 -0700
Served asset /pillbox.js - 304 Not Modified (0ms)


Started GET "/assets/medications.js?body=1" for 127.0.0.1 at 2013-04-17 18:00:15 -0700
Served asset /medications.js - 304 Not Modified (0ms)


Started GET "/assets/reminders.js?body=1" for 127.0.0.1 at 2013-04-17 18:00:15 -0700
Served asset /reminders.js - 304 Not Modified (0ms)


Started GET "/assets/application.js?body=1" for 127.0.0.1 at 2013-04-17 18:00:15 -0700
Served asset /application.js - 304 Not Modified (0ms)


Started GET "/" for 127.0.0.1 at 2013-04-17 18:01:35 -0700
Processing by HomeController#index as HTML
  Rendered common/_header.html.erb (0.0ms)
  Rendered home/index.html.erb within layouts/application (0.7ms)
Compiled application.css  (3ms)  (pid 1784)
Completed 200 OK in 102ms (Views: 101.6ms | ActiveRecord: 0.0ms)


Started GET "/assets/pillbox.css?body=1" for 127.0.0.1 at 2013-04-17 18:01:35 -0700
Served asset /pillbox.css - 304 Not Modified (0ms)


Started GET "/assets/bootstrap-responsive.css?body=1" for 127.0.0.1 at 2013-04-17 18:01:35 -0700
Served asset /bootstrap-responsive.css - 304 Not Modified (0ms)


Started GET "/assets/bootstrap.css?body=1" for 127.0.0.1 at 2013-04-17 18:01:35 -0700
Served asset /bootstrap.css - 304 Not Modified (0ms)


Started GET "/assets/home.css?body=1" for 127.0.0.1 at 2013-04-17 18:01:35 -0700
Served asset /home.css - 304 Not Modified (0ms)


Started GET "/assets/application.css?body=1" for 127.0.0.1 at 2013-04-17 18:01:35 -0700
Served asset /application.css - 200 OK (47ms)


Started GET "/assets/medications.css?body=1" for 127.0.0.1 at 2013-04-17 18:01:35 -0700
Served asset /medications.css - 304 Not Modified (0ms)


Started GET "/assets/reminders.css?body=1" for 127.0.0.1 at 2013-04-17 18:01:35 -0700
Served asset /reminders.css - 304 Not Modified (0ms)


Started GET "/assets/jquery_ujs.js?body=1" for 127.0.0.1 at 2013-04-17 18:01:35 -0700
Served asset /jquery_ujs.js - 304 Not Modified (0ms)


Started GET "/assets/scaffolds.css?body=1" for 127.0.0.1 at 2013-04-17 18:01:35 -0700
Served asset /scaffolds.css - 304 Not Modified (0ms)


Started GET "/assets/home.js?body=1" for 127.0.0.1 at 2013-04-17 18:01:35 -0700
Served asset /home.js - 304 Not Modified (0ms)


Started GET "/assets/jquery.js?body=1" for 127.0.0.1 at 2013-04-17 18:01:35 -0700
Served asset /jquery.js - 304 Not Modified (0ms)


Started GET "/assets/medications.js?body=1" for 127.0.0.1 at 2013-04-17 18:01:35 -0700
Served asset /medications.js - 304 Not Modified (0ms)


Started GET "/assets/pillbox.js?body=1" for 127.0.0.1 at 2013-04-17 18:01:36 -0700
Served asset /pillbox.js - 304 Not Modified (0ms)


Started GET "/assets/reminders.js?body=1" for 127.0.0.1 at 2013-04-17 18:01:36 -0700
Served asset /reminders.js - 304 Not Modified (0ms)


Started GET "/assets/application.js?body=1" for 127.0.0.1 at 2013-04-17 18:01:36 -0700
Served asset /application.js - 304 Not Modified (0ms)


Started GET "/assets/bootstrap.js?body=1" for 127.0.0.1 at 2013-04-17 18:01:36 -0700
Served asset /bootstrap.js - 304 Not Modified (0ms)


Started GET "/" for 127.0.0.1 at 2013-04-17 18:02:18 -0700
Processing by HomeController#index as HTML
  Rendered common/_header.html.erb (0.0ms)
  Rendered home/index.html.erb within layouts/application (0.7ms)
Completed 200 OK in 45ms (Views: 44.5ms | ActiveRecord: 0.0ms)


Started GET "/assets/application.css?body=1" for 127.0.0.1 at 2013-04-17 18:02:18 -0700
Served asset /application.css - 304 Not Modified (0ms)


Started GET "/assets/bootstrap-responsive.css?body=1" for 127.0.0.1 at 2013-04-17 18:02:18 -0700
Served asset /bootstrap-responsive.css - 304 Not Modified (0ms)


Started GET "/assets/bootstrap.css?body=1" for 127.0.0.1 at 2013-04-17 18:02:18 -0700
Served asset /bootstrap.css - 304 Not Modified (0ms)


Started GET "/assets/medications.css?body=1" for 127.0.0.1 at 2013-04-17 18:02:18 -0700
Served asset /medications.css - 304 Not Modified (0ms)


Started GET "/assets/reminders.css?body=1" for 127.0.0.1 at 2013-04-17 18:02:18 -0700
Served asset /reminders.css - 304 Not Modified (0ms)


Started GET "/assets/home.css?body=1" for 127.0.0.1 at 2013-04-17 18:02:18 -0700
Served asset /home.css - 304 Not Modified (0ms)


Started GET "/assets/pillbox.css?body=1" for 127.0.0.1 at 2013-04-17 18:02:18 -0700
Served asset /pillbox.css - 304 Not Modified (0ms)


Started GET "/assets/scaffolds.css?body=1" for 127.0.0.1 at 2013-04-17 18:02:18 -0700
Served asset /scaffolds.css - 304 Not Modified (0ms)


Started GET "/assets/jquery.js?body=1" for 127.0.0.1 at 2013-04-17 18:02:18 -0700
Served asset /jquery.js - 304 Not Modified (0ms)


Started GET "/assets/bootstrap.js?body=1" for 127.0.0.1 at 2013-04-17 18:02:18 -0700
Served asset /bootstrap.js - 304 Not Modified (0ms)


Started GET "/assets/jquery_ujs.js?body=1" for 127.0.0.1 at 2013-04-17 18:02:18 -0700
Served asset /jquery_ujs.js - 304 Not Modified (0ms)


Started GET "/assets/medications.js?body=1" for 127.0.0.1 at 2013-04-17 18:02:18 -0700
Served asset /medications.js - 304 Not Modified (0ms)


Started GET "/assets/pillbox.js?body=1" for 127.0.0.1 at 2013-04-17 18:02:18 -0700
Served asset /pillbox.js - 304 Not Modified (0ms)


Started GET "/assets/home.js?body=1" for 127.0.0.1 at 2013-04-17 18:02:18 -0700
Served asset /home.js - 304 Not Modified (0ms)


Started GET "/assets/reminders.js?body=1" for 127.0.0.1 at 2013-04-17 18:02:18 -0700
Served asset /reminders.js - 304 Not Modified (0ms)


Started GET "/assets/application.js?body=1" for 127.0.0.1 at 2013-04-17 18:02:18 -0700
Served asset /application.js - 304 Not Modified (0ms)


Started GET "/" for 127.0.0.1 at 2013-04-17 18:04:22 -0700
Processing by HomeController#index as HTML
  Rendered common/_header.html.erb (0.0ms)
  Rendered home/index.html.erb within layouts/application (0.7ms)
Completed 200 OK in 78ms (Views: 78.0ms | ActiveRecord: 0.0ms)


Started GET "/assets/bootstrap-responsive.css?body=1" for 127.0.0.1 at 2013-04-17 18:04:23 -0700
Served asset /bootstrap-responsive.css - 304 Not Modified (0ms)


Started GET "/assets/application.css?body=1" for 127.0.0.1 at 2013-04-17 18:04:23 -0700
Served asset /application.css - 304 Not Modified (0ms)


Started GET "/assets/medications.css?body=1" for 127.0.0.1 at 2013-04-17 18:04:23 -0700
Served asset /medications.css - 304 Not Modified (0ms)


Started GET "/assets/pillbox.css?body=1" for 127.0.0.1 at 2013-04-17 18:04:23 -0700
Served asset /pillbox.css - 304 Not Modified (0ms)


Started GET "/assets/bootstrap.css?body=1" for 127.0.0.1 at 2013-04-17 18:04:23 -0700
Served asset /bootstrap.css - 304 Not Modified (0ms)


Started GET "/assets/home.css?body=1" for 127.0.0.1 at 2013-04-17 18:04:23 -0700
Served asset /home.css - 304 Not Modified (0ms)


Started GET "/assets/reminders.css?body=1" for 127.0.0.1 at 2013-04-17 18:04:23 -0700
Served asset /reminders.css - 304 Not Modified (0ms)


Started GET "/assets/scaffolds.css?body=1" for 127.0.0.1 at 2013-04-17 18:04:23 -0700
Served asset /scaffolds.css - 304 Not Modified (0ms)


Started GET "/assets/jquery.js?body=1" for 127.0.0.1 at 2013-04-17 18:04:23 -0700
Served asset /jquery.js - 304 Not Modified (0ms)


Started GET "/assets/jquery_ujs.js?body=1" for 127.0.0.1 at 2013-04-17 18:04:23 -0700
Served asset /jquery_ujs.js - 304 Not Modified (0ms)


Started GET "/assets/bootstrap.js?body=1" for 127.0.0.1 at 2013-04-17 18:04:23 -0700
Served asset /bootstrap.js - 304 Not Modified (0ms)


Started GET "/assets/home.js?body=1" for 127.0.0.1 at 2013-04-17 18:04:23 -0700
Served asset /home.js - 304 Not Modified (0ms)


Started GET "/assets/medications.js?body=1" for 127.0.0.1 at 2013-04-17 18:04:23 -0700
Served asset /medications.js - 304 Not Modified (0ms)


Started GET "/assets/pillbox.js?body=1" for 127.0.0.1 at 2013-04-17 18:04:23 -0700
Served asset /pillbox.js - 304 Not Modified (0ms)


Started GET "/assets/reminders.js?body=1" for 127.0.0.1 at 2013-04-17 18:04:23 -0700
Served asset /reminders.js - 304 Not Modified (0ms)


Started GET "/assets/application.js?body=1" for 127.0.0.1 at 2013-04-17 18:04:23 -0700
Served asset /application.js - 304 Not Modified (0ms)


Started GET "/" for 127.0.0.1 at 2013-04-17 18:10:20 -0700
Processing by HomeController#index as HTML
  Rendered common/_header.html.erb (0.0ms)
  Rendered home/index.html.erb within layouts/application (0.8ms)
Completed 200 OK in 47ms (Views: 47.1ms | ActiveRecord: 0.0ms)


Started GET "/assets/bootstrap.css?body=1" for 127.0.0.1 at 2013-04-17 18:10:21 -0700
Served asset /bootstrap.css - 304 Not Modified (0ms)


Started GET "/assets/home.css?body=1" for 127.0.0.1 at 2013-04-17 18:10:21 -0700
Served asset /home.css - 304 Not Modified (0ms)


Started GET "/assets/medications.css?body=1" for 127.0.0.1 at 2013-04-17 18:10:21 -0700
Served asset /medications.css - 304 Not Modified (7ms)


Started GET "/assets/application.css?body=1" for 127.0.0.1 at 2013-04-17 18:10:21 -0700
Served asset /application.css - 304 Not Modified (34ms)


Started GET "/assets/bootstrap-responsive.css?body=1" for 127.0.0.1 at 2013-04-17 18:10:21 -0700
Served asset /bootstrap-responsive.css - 304 Not Modified (0ms)


Started GET "/assets/jquery.js?body=1" for 127.0.0.1 at 2013-04-17 18:10:21 -0700
Served asset /jquery.js - 304 Not Modified (0ms)


Started GET "/assets/scaffolds.css?body=1" for 127.0.0.1 at 2013-04-17 18:10:21 -0700
Served asset /scaffolds.css - 304 Not Modified (0ms)


Started GET "/assets/reminders.css?body=1" for 127.0.0.1 at 2013-04-17 18:10:21 -0700
Served asset /reminders.css - 304 Not Modified (0ms)


Started GET "/assets/jquery_ujs.js?body=1" for 127.0.0.1 at 2013-04-17 18:10:21 -0700
Served asset /jquery_ujs.js - 304 Not Modified (0ms)


Started GET "/assets/pillbox.css?body=1" for 127.0.0.1 at 2013-04-17 18:10:21 -0700
Served asset /pillbox.css - 304 Not Modified (0ms)


Started GET "/assets/bootstrap.js?body=1" for 127.0.0.1 at 2013-04-17 18:10:21 -0700
Served asset /bootstrap.js - 304 Not Modified (0ms)


Started GET "/assets/pillbox.js?body=1" for 127.0.0.1 at 2013-04-17 18:10:21 -0700
Served asset /pillbox.js - 304 Not Modified (0ms)


Started GET "/assets/reminders.js?body=1" for 127.0.0.1 at 2013-04-17 18:10:21 -0700
Served asset /reminders.js - 304 Not Modified (0ms)


Started GET "/assets/medications.js?body=1" for 127.0.0.1 at 2013-04-17 18:10:21 -0700
Served asset /medications.js - 304 Not Modified (0ms)


Started GET "/assets/home.js?body=1" for 127.0.0.1 at 2013-04-17 18:10:21 -0700
Served asset /home.js - 304 Not Modified (0ms)


Started GET "/assets/application.js?body=1" for 127.0.0.1 at 2013-04-17 18:10:21 -0700
Served asset /application.js - 304 Not Modified (0ms)


Started GET "/" for 127.0.0.1 at 2013-04-17 18:11:31 -0700
Processing by HomeController#index as HTML
  Rendered common/_header.html.erb (0.0ms)
  Rendered home/index.html.erb within layouts/application (0.7ms)
Compiled header.css  (0ms)  (pid 1784)
Compiled application.css  (11ms)  (pid 1784)
Completed 200 OK in 190ms (Views: 189.9ms | ActiveRecord: 0.0ms)


Started GET "/assets/bootstrap-responsive.css?body=1" for 127.0.0.1 at 2013-04-17 18:11:32 -0700
Served asset /bootstrap-responsive.css - 304 Not Modified (0ms)


Started GET "/assets/bootstrap.css?body=1" for 127.0.0.1 at 2013-04-17 18:11:32 -0700
Served asset /bootstrap.css - 304 Not Modified (0ms)


Started GET "/assets/home.css?body=1" for 127.0.0.1 at 2013-04-17 18:11:32 -0700
Served asset /home.css - 304 Not Modified (0ms)


Started GET "/assets/medications.css?body=1" for 127.0.0.1 at 2013-04-17 18:11:32 -0700
Served asset /medications.css - 304 Not Modified (0ms)


Started GET "/assets/header.css?body=1" for 127.0.0.1 at 2013-04-17 18:11:32 -0700
Served asset /header.css - 200 OK (13ms)


Started GET "/assets/pillbox.css?body=1" for 127.0.0.1 at 2013-04-17 18:11:32 -0700
Served asset /pillbox.css - 304 Not Modified (0ms)


Started GET "/assets/scaffolds.css?body=1" for 127.0.0.1 at 2013-04-17 18:11:32 -0700
Served asset /scaffolds.css - 304 Not Modified (0ms)


Started GET "/assets/reminders.css?body=1" for 127.0.0.1 at 2013-04-17 18:11:32 -0700
Served asset /reminders.css - 304 Not Modified (0ms)


Started GET "/assets/jquery.js?body=1" for 127.0.0.1 at 2013-04-17 18:11:32 -0700
Served asset /jquery.js - 304 Not Modified (0ms)


Started GET "/assets/bootstrap.js?body=1" for 127.0.0.1 at 2013-04-17 18:11:32 -0700
Served asset /bootstrap.js - 304 Not Modified (0ms)


Started GET "/assets/home.js?body=1" for 127.0.0.1 at 2013-04-17 18:11:32 -0700
Served asset /home.js - 304 Not Modified (0ms)


Started GET "/assets/medications.js?body=1" for 127.0.0.1 at 2013-04-17 18:11:32 -0700
Served asset /medications.js - 304 Not Modified (0ms)


Started GET "/assets/pillbox.js?body=1" for 127.0.0.1 at 2013-04-17 18:11:32 -0700
Served asset /pillbox.js - 304 Not Modified (0ms)


Started GET "/assets/reminders.js?body=1" for 127.0.0.1 at 2013-04-17 18:11:32 -0700
Served asset /reminders.js - 304 Not Modified (0ms)


Started GET "/assets/application.css?body=1" for 127.0.0.1 at 2013-04-17 18:11:32 -0700
Served asset /application.css - 304 Not Modified (17ms)


Started GET "/assets/application.js?body=1" for 127.0.0.1 at 2013-04-17 18:11:32 -0700
Served asset /application.js - 304 Not Modified (0ms)


Started GET "/assets/jquery_ujs.js?body=1" for 127.0.0.1 at 2013-04-17 18:11:32 -0700
Served asset /jquery_ujs.js - 304 Not Modified (0ms)


Started GET "/" for 127.0.0.1 at 2013-04-17 18:16:58 -0700
Processing by HomeController#index as HTML
  Rendered common/_header.html.erb (0.0ms)
  Rendered home/index.html.erb within layouts/application (0.7ms)
Compiled header.css  (0ms)  (pid 1784)
Compiled application.css  (3ms)  (pid 1784)
Completed 200 OK in 166ms (Views: 165.8ms | ActiveRecord: 0.0ms)


Started GET "/assets/application.css?body=1" for 127.0.0.1 at 2013-04-17 18:16:58 -0700
Served asset /application.css - 200 OK (16ms)


Started GET "/assets/bootstrap.css?body=1" for 127.0.0.1 at 2013-04-17 18:16:59 -0700
Served asset /bootstrap.css - 304 Not Modified (0ms)


Started GET "/assets/bootstrap-responsive.css?body=1" for 127.0.0.1 at 2013-04-17 18:16:59 -0700
Served asset /bootstrap-responsive.css - 304 Not Modified (0ms)


Started GET "/assets/header.css?body=1" for 127.0.0.1 at 2013-04-17 18:16:59 -0700
Served asset /header.css - 200 OK (2ms)


Started GET "/assets/home.css?body=1" for 127.0.0.1 at 2013-04-17 18:16:59 -0700
Served asset /home.css - 304 Not Modified (0ms)


Started GET "/assets/medications.css?body=1" for 127.0.0.1 at 2013-04-17 18:16:59 -0700
Served asset /medications.css - 304 Not Modified (0ms)


Started GET "/assets/pillbox.css?body=1" for 127.0.0.1 at 2013-04-17 18:16:59 -0700
Served asset /pillbox.css - 304 Not Modified (0ms)


Started GET "/assets/scaffolds.css?body=1" for 127.0.0.1 at 2013-04-17 18:16:59 -0700
Served asset /scaffolds.css - 304 Not Modified (0ms)


Started GET "/assets/reminders.css?body=1" for 127.0.0.1 at 2013-04-17 18:16:59 -0700
Served asset /reminders.css - 304 Not Modified (0ms)


Started GET "/assets/jquery.js?body=1" for 127.0.0.1 at 2013-04-17 18:16:59 -0700
Served asset /jquery.js - 304 Not Modified (0ms)


Started GET "/assets/jquery_ujs.js?body=1" for 127.0.0.1 at 2013-04-17 18:16:59 -0700
Served asset /jquery_ujs.js - 304 Not Modified (0ms)


Started GET "/assets/home.js?body=1" for 127.0.0.1 at 2013-04-17 18:16:59 -0700
Served asset /home.js - 304 Not Modified (0ms)


Started GET "/assets/bootstrap.js?body=1" for 127.0.0.1 at 2013-04-17 18:16:59 -0700
Served asset /bootstrap.js - 304 Not Modified (0ms)


Started GET "/assets/medications.js?body=1" for 127.0.0.1 at 2013-04-17 18:16:59 -0700
Served asset /medications.js - 304 Not Modified (0ms)


Started GET "/assets/pillbox.js?body=1" for 127.0.0.1 at 2013-04-17 18:16:59 -0700
Served asset /pillbox.js - 304 Not Modified (0ms)


Started GET "/assets/reminders.js?body=1" for 127.0.0.1 at 2013-04-17 18:16:59 -0700
Served asset /reminders.js - 304 Not Modified (0ms)


Started GET "/assets/application.js?body=1" for 127.0.0.1 at 2013-04-17 18:16:59 -0700
Served asset /application.js - 304 Not Modified (0ms)


Started GET "/assets/background_tile.png" for 127.0.0.1 at 2013-04-17 18:16:59 -0700
Served asset /background_tile.png - 200 OK (5ms)
